<?xml version="1.0" encoding="UTF-8"?>
<!-- Generated by org.testng.reporters.JUnitReportReporter -->
<testsuite hostname="DESKTOP-J7SMNVK" failures="0" tests="1" name="com.edureka.testng.MyFirstTestNGClass" time="0.008" errors="0" timestamp="03 Jul 2020 22:48:20 GMT" skipped="0">
  <testcase classname="com.edureka.testng.MyFirstTestNGClass" name="display" time="0.008"/>
</testsuite> <!-- com.edureka.testng.MyFirstTestNGClass -->
