<?xml version="1.0" encoding="UTF-8"?>
<!-- Generated by org.testng.reporters.JUnitReportReporter -->
<testsuite hostname="DESKTOP-J7SMNVK" failures="0" tests="101" name="com.edureka.testng.LoginToGmail" time="0.006" errors="1" timestamp="03 Jul 2020 22:47:59 GMT" skipped="100">
  <testcase classname="com.edureka.testng.LoginToGmail" name="login" time="0.000">
    <skipped/>
  </testcase> <!-- login -->
  <testcase classname="com.edureka.testng.LoginToGmail" name="login" time="0.000">
    <skipped/>
  </testcase> <!-- login -->
  <testcase classname="com.edureka.testng.LoginToGmail" name="login" time="0.000">
    <skipped/>
  </testcase> <!-- login -->
  <testcase classname="com.edureka.testng.LoginToGmail" name="login" time="0.000">
    <skipped/>
  </testcase> <!-- login -->
  <testcase classname="com.edureka.testng.LoginToGmail" name="login" time="0.000">
    <skipped/>
  </testcase> <!-- login -->
  <testcase classname="com.edureka.testng.LoginToGmail" name="login" time="0.000">
    <skipped/>
  </testcase> <!-- login -->
  <testcase classname="com.edureka.testng.LoginToGmail" name="login" time="0.000">
    <skipped/>
  </testcase> <!-- login -->
  <testcase classname="com.edureka.testng.LoginToGmail" name="login" time="0.000">
    <skipped/>
  </testcase> <!-- login -->
  <testcase classname="com.edureka.testng.LoginToGmail" name="login" time="0.000">
    <skipped/>
  </testcase> <!-- login -->
  <testcase classname="com.edureka.testng.LoginToGmail" name="login" time="0.000">
    <skipped/>
  </testcase> <!-- login -->
  <testcase classname="com.edureka.testng.LoginToGmail" name="login" time="0.000">
    <skipped/>
  </testcase> <!-- login -->
  <testcase classname="com.edureka.testng.LoginToGmail" name="login" time="0.000">
    <skipped/>
  </testcase> <!-- login -->
  <testcase classname="com.edureka.testng.LoginToGmail" name="login" time="0.000">
    <skipped/>
  </testcase> <!-- login -->
  <testcase classname="com.edureka.testng.LoginToGmail" name="login" time="0.000">
    <skipped/>
  </testcase> <!-- login -->
  <testcase classname="com.edureka.testng.LoginToGmail" name="login" time="0.000">
    <skipped/>
  </testcase> <!-- login -->
  <testcase classname="com.edureka.testng.LoginToGmail" name="login" time="0.000">
    <skipped/>
  </testcase> <!-- login -->
  <testcase classname="com.edureka.testng.LoginToGmail" name="login" time="0.000">
    <skipped/>
  </testcase> <!-- login -->
  <testcase classname="com.edureka.testng.LoginToGmail" name="login" time="0.000">
    <skipped/>
  </testcase> <!-- login -->
  <testcase classname="com.edureka.testng.LoginToGmail" name="login" time="0.000">
    <skipped/>
  </testcase> <!-- login -->
  <testcase classname="com.edureka.testng.LoginToGmail" name="login" time="0.000">
    <skipped/>
  </testcase> <!-- login -->
  <testcase classname="com.edureka.testng.LoginToGmail" name="login" time="0.000">
    <skipped/>
  </testcase> <!-- login -->
  <testcase classname="com.edureka.testng.LoginToGmail" name="login" time="0.000">
    <skipped/>
  </testcase> <!-- login -->
  <testcase classname="com.edureka.testng.LoginToGmail" name="login" time="0.000">
    <skipped/>
  </testcase> <!-- login -->
  <testcase classname="com.edureka.testng.LoginToGmail" name="login" time="0.000">
    <skipped/>
  </testcase> <!-- login -->
  <testcase classname="com.edureka.testng.LoginToGmail" name="login" time="0.000">
    <skipped/>
  </testcase> <!-- login -->
  <testcase classname="com.edureka.testng.LoginToGmail" name="login" time="0.000">
    <skipped/>
  </testcase> <!-- login -->
  <testcase classname="com.edureka.testng.LoginToGmail" name="login" time="0.000">
    <skipped/>
  </testcase> <!-- login -->
  <testcase classname="com.edureka.testng.LoginToGmail" name="login" time="0.000">
    <skipped/>
  </testcase> <!-- login -->
  <testcase classname="com.edureka.testng.LoginToGmail" name="login" time="0.000">
    <skipped/>
  </testcase> <!-- login -->
  <testcase classname="com.edureka.testng.LoginToGmail" name="login" time="0.000">
    <skipped/>
  </testcase> <!-- login -->
  <testcase classname="com.edureka.testng.LoginToGmail" name="login" time="0.000">
    <skipped/>
  </testcase> <!-- login -->
  <testcase classname="com.edureka.testng.LoginToGmail" name="login" time="0.000">
    <skipped/>
  </testcase> <!-- login -->
  <testcase classname="com.edureka.testng.LoginToGmail" name="login" time="0.000">
    <skipped/>
  </testcase> <!-- login -->
  <testcase classname="com.edureka.testng.LoginToGmail" name="login" time="0.000">
    <skipped/>
  </testcase> <!-- login -->
  <testcase classname="com.edureka.testng.LoginToGmail" name="login" time="0.000">
    <skipped/>
  </testcase> <!-- login -->
  <testcase classname="com.edureka.testng.LoginToGmail" name="login" time="0.000">
    <skipped/>
  </testcase> <!-- login -->
  <testcase classname="com.edureka.testng.LoginToGmail" name="login" time="0.000">
    <skipped/>
  </testcase> <!-- login -->
  <testcase classname="com.edureka.testng.LoginToGmail" name="login" time="0.000">
    <skipped/>
  </testcase> <!-- login -->
  <testcase classname="com.edureka.testng.LoginToGmail" name="login" time="0.000">
    <skipped/>
  </testcase> <!-- login -->
  <testcase classname="com.edureka.testng.LoginToGmail" name="login" time="0.000">
    <skipped/>
  </testcase> <!-- login -->
  <testcase classname="com.edureka.testng.LoginToGmail" name="login" time="0.000">
    <skipped/>
  </testcase> <!-- login -->
  <testcase classname="com.edureka.testng.LoginToGmail" name="login" time="0.000">
    <skipped/>
  </testcase> <!-- login -->
  <testcase classname="com.edureka.testng.LoginToGmail" name="login" time="0.000">
    <skipped/>
  </testcase> <!-- login -->
  <testcase classname="com.edureka.testng.LoginToGmail" name="login" time="0.000">
    <skipped/>
  </testcase> <!-- login -->
  <testcase classname="com.edureka.testng.LoginToGmail" name="login" time="0.000">
    <skipped/>
  </testcase> <!-- login -->
  <testcase classname="com.edureka.testng.LoginToGmail" name="login" time="0.000">
    <skipped/>
  </testcase> <!-- login -->
  <testcase classname="com.edureka.testng.LoginToGmail" name="login" time="0.000">
    <skipped/>
  </testcase> <!-- login -->
  <testcase classname="com.edureka.testng.LoginToGmail" name="login" time="0.000">
    <skipped/>
  </testcase> <!-- login -->
  <testcase classname="com.edureka.testng.LoginToGmail" name="login" time="0.000">
    <skipped/>
  </testcase> <!-- login -->
  <testcase classname="com.edureka.testng.LoginToGmail" name="login" time="0.000">
    <skipped/>
  </testcase> <!-- login -->
  <testcase classname="com.edureka.testng.LoginToGmail" name="login" time="0.000">
    <skipped/>
  </testcase> <!-- login -->
  <testcase classname="com.edureka.testng.LoginToGmail" name="login" time="0.000">
    <skipped/>
  </testcase> <!-- login -->
  <testcase classname="com.edureka.testng.LoginToGmail" name="login" time="0.000">
    <skipped/>
  </testcase> <!-- login -->
  <testcase classname="com.edureka.testng.LoginToGmail" name="login" time="0.000">
    <skipped/>
  </testcase> <!-- login -->
  <testcase classname="com.edureka.testng.LoginToGmail" name="login" time="0.000">
    <skipped/>
  </testcase> <!-- login -->
  <testcase classname="com.edureka.testng.LoginToGmail" name="login" time="0.000">
    <skipped/>
  </testcase> <!-- login -->
  <testcase classname="com.edureka.testng.LoginToGmail" name="login" time="0.000">
    <skipped/>
  </testcase> <!-- login -->
  <testcase classname="com.edureka.testng.LoginToGmail" name="login" time="0.000">
    <skipped/>
  </testcase> <!-- login -->
  <testcase classname="com.edureka.testng.LoginToGmail" name="launchApp" time="0.006">
    <error message="Unresolved compilation problems: 
	The annotation @Parameters is disallowed for this location
	The attribute value is undefined for the annotation type Parameters
" type="java.lang.Error">
      <![CDATA[java.lang.Error: Unresolved compilation problems: 
The annotation @Parameters is disallowed for this location
The attribute value is undefined for the annotation type Parameters

at com.edureka.testng.BaseTest.launchApp(BaseTest.java:18)
at java.base/jdk.internal.reflect.NativeMethodAccessorImpl.invoke0(Native Method)
at java.base/jdk.internal.reflect.NativeMethodAccessorImpl.invoke(Unknown Source)
at java.base/jdk.internal.reflect.DelegatingMethodAccessorImpl.invoke(Unknown Source)
at java.base/java.lang.reflect.Method.invoke(Unknown Source)
at org.testng.internal.MethodInvocationHelper.invokeMethod(MethodInvocationHelper.java:124)
at org.testng.internal.MethodInvocationHelper.invokeMethodConsideringTimeout(MethodInvocationHelper.java:59)
at org.testng.internal.Invoker.invokeConfigurationMethod(Invoker.java:458)
at org.testng.internal.Invoker.invokeConfigurations(Invoker.java:222)
at org.testng.internal.Invoker.invokeMethod(Invoker.java:523)
at org.testng.internal.Invoker.invokeTestMethod(Invoker.java:719)
at org.testng.internal.Invoker.invokeTestMethods(Invoker.java:989)
at org.testng.internal.TestMethodWorker.invokeTestMethods(TestMethodWorker.java:125)
at org.testng.internal.TestMethodWorker.run(TestMethodWorker.java:109)
at org.testng.TestRunner.privateRun(TestRunner.java:648)
at org.testng.TestRunner.run(TestRunner.java:505)
at org.testng.SuiteRunner.runTest(SuiteRunner.java:455)
at org.testng.SuiteRunner.runSequentially(SuiteRunner.java:450)
at org.testng.SuiteRunner.privateRun(SuiteRunner.java:415)
at org.testng.SuiteRunner.run(SuiteRunner.java:364)
at org.testng.SuiteRunnerWorker.runSuite(SuiteRunnerWorker.java:52)
at org.testng.SuiteRunnerWorker.run(SuiteRunnerWorker.java:84)
at org.testng.TestNG.runSuitesSequentially(TestNG.java:1208)
at org.testng.TestNG.runSuitesLocally(TestNG.java:1137)
at org.testng.TestNG.runSuites(TestNG.java:1049)
at org.testng.TestNG.run(TestNG.java:1017)
at org.testng.remote.AbstractRemoteTestNG.run(AbstractRemoteTestNG.java:114)
at org.testng.remote.RemoteTestNG.initAndRun(RemoteTestNG.java:251)
at org.testng.remote.RemoteTestNG.main(RemoteTestNG.java:77)
]]>
    </error>
  </testcase> <!-- launchApp -->
  <testcase classname="com.edureka.testng.LoginToGmail" name="login" time="0.000">
    <skipped/>
  </testcase> <!-- login -->
  <testcase classname="com.edureka.testng.LoginToGmail" name="login" time="0.000">
    <skipped/>
  </testcase> <!-- login -->
  <testcase classname="com.edureka.testng.LoginToGmail" name="login" time="0.000">
    <skipped/>
  </testcase> <!-- login -->
  <testcase classname="com.edureka.testng.LoginToGmail" name="login" time="0.000">
    <skipped/>
  </testcase> <!-- login -->
  <testcase classname="com.edureka.testng.LoginToGmail" name="login" time="0.000">
    <skipped/>
  </testcase> <!-- login -->
  <testcase classname="com.edureka.testng.LoginToGmail" name="login" time="0.000">
    <skipped/>
  </testcase> <!-- login -->
  <testcase classname="com.edureka.testng.LoginToGmail" name="login" time="0.000">
    <skipped/>
  </testcase> <!-- login -->
  <testcase classname="com.edureka.testng.LoginToGmail" name="login" time="0.000">
    <skipped/>
  </testcase> <!-- login -->
  <testcase classname="com.edureka.testng.LoginToGmail" name="login" time="0.000">
    <skipped/>
  </testcase> <!-- login -->
  <testcase classname="com.edureka.testng.LoginToGmail" name="login" time="0.000">
    <skipped/>
  </testcase> <!-- login -->
  <testcase classname="com.edureka.testng.LoginToGmail" name="login" time="0.000">
    <skipped/>
  </testcase> <!-- login -->
  <testcase classname="com.edureka.testng.LoginToGmail" name="login" time="0.000">
    <skipped/>
  </testcase> <!-- login -->
  <testcase classname="com.edureka.testng.LoginToGmail" name="login" time="0.000">
    <skipped/>
  </testcase> <!-- login -->
  <testcase classname="com.edureka.testng.LoginToGmail" name="login" time="0.000">
    <skipped/>
  </testcase> <!-- login -->
  <testcase classname="com.edureka.testng.LoginToGmail" name="login" time="0.000">
    <skipped/>
  </testcase> <!-- login -->
  <testcase classname="com.edureka.testng.LoginToGmail" name="login" time="0.000">
    <skipped/>
  </testcase> <!-- login -->
  <testcase classname="com.edureka.testng.LoginToGmail" name="login" time="0.000">
    <skipped/>
  </testcase> <!-- login -->
  <testcase classname="com.edureka.testng.LoginToGmail" name="login" time="0.000">
    <skipped/>
  </testcase> <!-- login -->
  <testcase classname="com.edureka.testng.LoginToGmail" name="login" time="0.000">
    <skipped/>
  </testcase> <!-- login -->
  <testcase classname="com.edureka.testng.LoginToGmail" name="login" time="0.000">
    <skipped/>
  </testcase> <!-- login -->
  <testcase classname="com.edureka.testng.LoginToGmail" name="login" time="0.000">
    <skipped/>
  </testcase> <!-- login -->
  <testcase classname="com.edureka.testng.LoginToGmail" name="login" time="0.000">
    <skipped/>
  </testcase> <!-- login -->
  <testcase classname="com.edureka.testng.LoginToGmail" name="login" time="0.000">
    <skipped/>
  </testcase> <!-- login -->
  <testcase classname="com.edureka.testng.LoginToGmail" name="login" time="0.000">
    <skipped/>
  </testcase> <!-- login -->
  <testcase classname="com.edureka.testng.LoginToGmail" name="login" time="0.000">
    <skipped/>
  </testcase> <!-- login -->
  <testcase classname="com.edureka.testng.LoginToGmail" name="login" time="0.000">
    <skipped/>
  </testcase> <!-- login -->
  <testcase classname="com.edureka.testng.LoginToGmail" name="login" time="0.000">
    <skipped/>
  </testcase> <!-- login -->
  <testcase classname="com.edureka.testng.LoginToGmail" name="login" time="0.000">
    <skipped/>
  </testcase> <!-- login -->
  <testcase classname="com.edureka.testng.LoginToGmail" name="login" time="0.000">
    <skipped/>
  </testcase> <!-- login -->
  <testcase classname="com.edureka.testng.LoginToGmail" name="login" time="0.000">
    <skipped/>
  </testcase> <!-- login -->
  <testcase classname="com.edureka.testng.LoginToGmail" name="login" time="0.000">
    <skipped/>
  </testcase> <!-- login -->
  <testcase classname="com.edureka.testng.LoginToGmail" name="login" time="0.000">
    <skipped/>
  </testcase> <!-- login -->
  <testcase classname="com.edureka.testng.LoginToGmail" name="login" time="0.000">
    <skipped/>
  </testcase> <!-- login -->
  <testcase classname="com.edureka.testng.LoginToGmail" name="login" time="0.000">
    <skipped/>
  </testcase> <!-- login -->
  <testcase classname="com.edureka.testng.LoginToGmail" name="login" time="0.000">
    <skipped/>
  </testcase> <!-- login -->
  <testcase classname="com.edureka.testng.LoginToGmail" name="login" time="0.000">
    <skipped/>
  </testcase> <!-- login -->
  <testcase classname="com.edureka.testng.LoginToGmail" name="login" time="0.000">
    <skipped/>
  </testcase> <!-- login -->
  <testcase classname="com.edureka.testng.LoginToGmail" name="login" time="0.000">
    <skipped/>
  </testcase> <!-- login -->
  <testcase classname="com.edureka.testng.LoginToGmail" name="login" time="0.000">
    <skipped/>
  </testcase> <!-- login -->
  <testcase classname="com.edureka.testng.LoginToGmail" name="login" time="0.000">
    <skipped/>
  </testcase> <!-- login -->
  <testcase classname="com.edureka.testng.LoginToGmail" name="login" time="0.000">
    <skipped/>
  </testcase> <!-- login -->
  <testcase classname="com.edureka.testng.LoginToGmail" name="login" time="0.000">
    <skipped/>
  </testcase> <!-- login -->
</testsuite> <!-- com.edureka.testng.LoginToGmail -->
