<?xml version="1.0" encoding="UTF-8"?>
<!-- Generated by org.testng.reporters.JUnitReportReporter -->
<testsuite hostname="DESKTOP-J7SMNVK" failures="0" tests="2" name="com.edureka.testng.AnnotationsDemo" time="0.003" errors="0" timestamp="16 Apr 2020 23:51:36 GMT" skipped="0">
  <testcase classname="com.edureka.testng.AnnotationsDemo" name="test2" time="0.001"/>
  <testcase classname="com.edureka.testng.AnnotationsDemo" name="test1" time="0.002"/>
</testsuite> <!-- com.edureka.testng.AnnotationsDemo -->
